<?xml version="1.0" encoding="UTF-8"?>
<testsuite xmlns:xsi="http://www.w3.org/2001/XMLSchema-instance" xsi:noNamespaceSchemaLocation="https://maven.apache.org/surefire/maven-surefire-plugin/xsd/surefire-test-report-3.0.xsd" version="3.0" name="com.example.payment.PaymentRecordManagerTest" time="0.044" tests="14" errors="0" skipped="0" failures="0">
  <properties>
    <property name="socksProxyHost" value="127.0.0.1"/>
    <property name="http.proxyHost" value="127.0.0.1"/>
    <property name="java.specification.version" value="23"/>
    <property name="sun.jnu.encoding" value="UTF-8"/>
    <property name="java.class.path" value="/Volumes/T7 shield/idea/personal-assistant/assistant/target/test-classes:/Volumes/T7 shield/idea/personal-assistant/assistant/target/classes:/Users/gqq/.m2/repository/org/junit/jupiter/junit-jupiter-api/5.10.0/junit-jupiter-api-5.10.0.jar:/Users/gqq/.m2/repository/org/opentest4j/opentest4j/1.3.0/opentest4j-1.3.0.jar:/Users/gqq/.m2/repository/org/junit/platform/junit-platform-commons/1.10.0/junit-platform-commons-1.10.0.jar:/Users/gqq/.m2/repository/org/apiguardian/apiguardian-api/1.1.2/apiguardian-api-1.1.2.jar:/Users/gqq/.m2/repository/org/junit/jupiter/junit-jupiter-engine/5.10.0/junit-jupiter-engine-5.10.0.jar:/Users/gqq/.m2/repository/org/junit/platform/junit-platform-engine/1.10.0/junit-platform-engine-1.10.0.jar:/Users/gqq/.m2/repository/org/mockito/mockito-core/5.12.0/mockito-core-5.12.0.jar:/Users/gqq/.m2/repository/net/bytebuddy/byte-buddy/1.14.15/byte-buddy-1.14.15.jar:/Users/gqq/.m2/repository/net/bytebuddy/byte-buddy-agent/1.14.15/byte-buddy-agent-1.14.15.jar:/Users/gqq/.m2/repository/org/objenesis/objenesis/3.3/objenesis-3.3.jar:/Users/gqq/.m2/repository/org/mockito/mockito-junit-jupiter/5.12.0/mockito-junit-jupiter-5.12.0.jar:"/>
    <property name="https.proxyPort" value="26937"/>
    <property name="java.vm.vendor" value="Homebrew"/>
    <property name="sun.arch.data.model" value="64"/>
    <property name="java.vendor.url" value="https://github.com/Homebrew/homebrew-core/issues"/>
    <property name="os.name" value="Mac OS X"/>
    <property name="java.vm.specification.version" value="23"/>
    <property name="sun.java.launcher" value="SUN_STANDARD"/>
    <property name="user.country" value="CN"/>
    <property name="sun.boot.library.path" value="/opt/homebrew/Cellar/openjdk/23.0.2/libexec/openjdk.jdk/Contents/Home/lib"/>
    <property name="sun.java.command" value="/Volumes/T7 shield/idea/personal-assistant/assistant/target/surefire/surefirebooter-20250628210435767_3.jar /Volumes/T7 shield/idea/personal-assistant/assistant/target/surefire 2025-06-28T21-04-35_729-jvmRun1 surefire-20250628210435767_1tmp surefire_0-20250628210435767_2tmp"/>
    <property name="http.nonProxyHosts" value="127.0.0.1|192.168.0.0/16|*.192.168.0.0/16|10.0.0.0/8|*.10.0.0.0/8|172.16.0.0/12|*.172.16.0.0/12|100.64.0.0/10|*.100.64.0.0/10|17.0.0.0/8|*.17.0.0.0/8|localhost|*.localhost|local|*.local|169.254.0.0/16|*.169.254.0.0/16|224.0.0.0/4|*.224.0.0.0/4|240.0.0.0/4|*.240.0.0.0/4"/>
    <property name="jdk.debug" value="release"/>
    <property name="test" value="PaymentRecordManagerTest"/>
    <property name="surefire.test.class.path" value="/Volumes/T7 shield/idea/personal-assistant/assistant/target/test-classes:/Volumes/T7 shield/idea/personal-assistant/assistant/target/classes:/Users/gqq/.m2/repository/org/junit/jupiter/junit-jupiter-api/5.10.0/junit-jupiter-api-5.10.0.jar:/Users/gqq/.m2/repository/org/opentest4j/opentest4j/1.3.0/opentest4j-1.3.0.jar:/Users/gqq/.m2/repository/org/junit/platform/junit-platform-commons/1.10.0/junit-platform-commons-1.10.0.jar:/Users/gqq/.m2/repository/org/apiguardian/apiguardian-api/1.1.2/apiguardian-api-1.1.2.jar:/Users/gqq/.m2/repository/org/junit/jupiter/junit-jupiter-engine/5.10.0/junit-jupiter-engine-5.10.0.jar:/Users/gqq/.m2/repository/org/junit/platform/junit-platform-engine/1.10.0/junit-platform-engine-1.10.0.jar:/Users/gqq/.m2/repository/org/mockito/mockito-core/5.12.0/mockito-core-5.12.0.jar:/Users/gqq/.m2/repository/net/bytebuddy/byte-buddy/1.14.15/byte-buddy-1.14.15.jar:/Users/gqq/.m2/repository/net/bytebuddy/byte-buddy-agent/1.14.15/byte-buddy-agent-1.14.15.jar:/Users/gqq/.m2/repository/org/objenesis/objenesis/3.3/objenesis-3.3.jar:/Users/gqq/.m2/repository/org/mockito/mockito-junit-jupiter/5.12.0/mockito-junit-jupiter-5.12.0.jar:"/>
    <property name="sun.cpu.endian" value="little"/>
    <property name="user.home" value="/Users/gqq"/>
    <property name="user.language" value="zh"/>
    <property name="java.specification.vendor" value="Oracle Corporation"/>
    <property name="java.version.date" value="2025-01-21"/>
    <property name="java.home" value="/opt/homebrew/Cellar/openjdk/23.0.2/libexec/openjdk.jdk/Contents/Home"/>
    <property name="file.separator" value="/"/>
    <property name="https.proxyHost" value="127.0.0.1"/>
    <property name="basedir" value="/Volumes/T7 shield/idea/personal-assistant/assistant"/>
    <property name="java.vm.compressedOopsMode" value="Zero based"/>
    <property name="line.separator" value="&#10;"/>
    <property name="java.vm.specification.vendor" value="Oracle Corporation"/>
    <property name="java.specification.name" value="Java Platform API Specification"/>
    <property name="apple.awt.application.name" value="ForkedBooter"/>
    <property name="surefire.real.class.path" value="/Volumes/T7 shield/idea/personal-assistant/assistant/target/surefire/surefirebooter-20250628210435767_3.jar"/>
    <property name="user.script" value="Hans"/>
    <property name="sun.management.compiler" value="HotSpot 64-Bit Tiered Compilers"/>
    <property name="ftp.nonProxyHosts" value="127.0.0.1|192.168.0.0/16|*.192.168.0.0/16|10.0.0.0/8|*.10.0.0.0/8|172.16.0.0/12|*.172.16.0.0/12|100.64.0.0/10|*.100.64.0.0/10|17.0.0.0/8|*.17.0.0.0/8|localhost|*.localhost|local|*.local|169.254.0.0/16|*.169.254.0.0/16|224.0.0.0/4|*.224.0.0.0/4|240.0.0.0/4|*.240.0.0.0/4"/>
    <property name="java.runtime.version" value="23.0.2"/>
    <property name="user.name" value="gqq"/>
    <property name="stdout.encoding" value="UTF-8"/>
    <property name="path.separator" value=":"/>
    <property name="os.version" value="14.6"/>
    <property name="java.runtime.name" value="OpenJDK Runtime Environment"/>
    <property name="file.encoding" value="UTF-8"/>
    <property name="java.vm.name" value="OpenJDK 64-Bit Server VM"/>
    <property name="java.vendor.version" value="Homebrew"/>
    <property name="localRepository" value="/Users/gqq/.m2/repository"/>
    <property name="java.vendor.url.bug" value="https://github.com/Homebrew/homebrew-core/issues"/>
    <property name="java.io.tmpdir" value="/var/folders/0d/09t5w8s14772bwc13thhqwvr0000gn/T/"/>
    <property name="java.version" value="23.0.2"/>
    <property name="user.dir" value="/Volumes/T7 shield/idea/personal-assistant/assistant"/>
    <property name="os.arch" value="aarch64"/>
    <property name="socksProxyPort" value="26937"/>
    <property name="java.vm.specification.name" value="Java Virtual Machine Specification"/>
    <property name="native.encoding" value="UTF-8"/>
    <property name="java.library.path" value="/Users/gqq/Library/Java/Extensions:/Library/Java/Extensions:/Network/Library/Java/Extensions:/System/Library/Java/Extensions:/usr/lib/java:."/>
    <property name="java.vm.info" value="mixed mode, sharing"/>
    <property name="stderr.encoding" value="UTF-8"/>
    <property name="java.vendor" value="Homebrew"/>
    <property name="java.vm.version" value="23.0.2"/>
    <property name="sun.io.unicode.encoding" value="UnicodeBig"/>
    <property name="socksNonProxyHosts" value="127.0.0.1|192.168.0.0/16|*.192.168.0.0/16|10.0.0.0/8|*.10.0.0.0/8|172.16.0.0/12|*.172.16.0.0/12|100.64.0.0/10|*.100.64.0.0/10|17.0.0.0/8|*.17.0.0.0/8|localhost|*.localhost|local|*.local|169.254.0.0/16|*.169.254.0.0/16|224.0.0.0/4|*.224.0.0.0/4|240.0.0.0/4|*.240.0.0.0/4"/>
    <property name="java.class.version" value="67.0"/>
    <property name="http.proxyPort" value="26937"/>
  </properties>
  <testcase name="testDeleteNonExistentRecord" classname="com.example.payment.PaymentRecordManagerTest" time="0.011"/>
  <testcase name="testQueryRecordsByCategory" classname="com.example.payment.PaymentRecordManagerTest" time="0.009"/>
  <testcase name="testQueryRecordsByType" classname="com.example.payment.PaymentRecordManagerTest" time="0.001"/>
  <testcase name="testAddRecordWithAutoCategory" classname="com.example.payment.PaymentRecordManagerTest" time="0.001"/>
  <testcase name="testQueryRecordsByDateRange" classname="com.example.payment.PaymentRecordManagerTest" time="0.001"/>
  <testcase name="testUpdateRecord" classname="com.example.payment.PaymentRecordManagerTest" time="0.003"/>
  <testcase name="testQueryRecordsByAmountRange" classname="com.example.payment.PaymentRecordManagerTest" time="0.001"/>
  <testcase name="testDeleteRecord" classname="com.example.payment.PaymentRecordManagerTest" time="0.0"/>
  <testcase name="testUpdateRecordPartial" classname="com.example.payment.PaymentRecordManagerTest" time="0.0"/>
  <testcase name="testAddRecord" classname="com.example.payment.PaymentRecordManagerTest" time="0.0"/>
  <testcase name="testUpdateNonExistentRecord" classname="com.example.payment.PaymentRecordManagerTest" time="0.001"/>
  <testcase name="testIdIncrement" classname="com.example.payment.PaymentRecordManagerTest" time="0.001"/>
  <testcase name="testGetAllRecordsReturnsCopy" classname="com.example.payment.PaymentRecordManagerTest" time="0.001"/>
  <testcase name="testQueryRecordsWithMultipleFilters" classname="com.example.payment.PaymentRecordManagerTest" time="0.001"/>
</testsuite>